<?xml version="1.0" encoding="UTF-8"?>
<!-- Generated by org.testng.reporters.JUnitXMLReporter -->
<testsuite ignored="0" hostname="DESKTOP-Q7OVP05" failures="1" tests="2" name="Test" time="26.531" errors="0" timestamp="2025-12-18T21:27:09 IST">
  <testcase classname="testCases.TC001_AccountresgistrationTest" name="verify_acunt_registration" time="3.462"/>
  <testcase classname="testCases.TC002_LoginTest" name="verify_login" time="11.823">
    <failure type="java.lang.AssertionError" message="expected [true] but found [false]">
      <![CDATA[java.lang.AssertionError: expected [true] but found [false]
at testCases.TC002_LoginTest.verify_login(TC002_LoginTest.java:38)
at java.base/java.util.ArrayList.forEach(ArrayList.java:1597)
... Removed 29 stack frames]]>
    </failure>
  </testcase> <!-- verify_login -->
</testsuite> <!-- Test -->
