<?xml version="1.0" encoding="UTF-8"?>
<!-- Generated by org.testng.reporters.JUnitXMLReporter -->
<testsuite ignored="0" hostname="DESKTOP-Q7OVP05" failures="0" tests="2" name="Linux-Firefox" time="0.08" errors="0" timestamp="2025-12-24T12:39:27 IST">
  <testcase classname="testCases.TC001_AccountresgistrationTest" name="verify_acunt_registration" time="0.0">
    <skipped/>
  </testcase> <!-- verify_acunt_registration -->
  <testcase classname="testCases.TC002_LoginTest" name="verify_login" time="0.001">
    <skipped/>
  </testcase> <!-- verify_login -->
</testsuite> <!-- Linux-Firefox -->
